0 verbose cli [ '/usr/bin/node', '/usr/bin/npm', 'install' ]
1 info using npm@7.17.0
2 info using node@v14.21.3
3 timing npm:load:whichnode Completed in 25ms
4 timing config:load:defaults Completed in 49ms
5 timing config:load:file:/usr/lib/node_modules/npm/npmrc Completed in 38ms
6 timing config:load:builtin Completed in 40ms
7 timing config:load:cli Completed in 66ms
8 timing config:load:env Completed in 5ms
9 timing config:load:project Completed in 11ms
10 timing config:load:file:/root/.npmrc Completed in 3ms
11 timing config:load:user Completed in 4ms
12 timing config:load:file:/etc/npmrc Completed in 1ms
13 timing config:load:global Completed in 2ms
14 timing config:load:validate Completed in 4ms
15 timing config:load:credentials Completed in 31ms
16 timing config:load:setEnvs Completed in 28ms
17 timing config:load Completed in 242ms
18 timing npm:load:configload Completed in 246ms
19 timing npm:load:setTitle Completed in 2ms
20 timing npm:load:setupLog Completed in 37ms
21 timing npm:load:cleanupLog Completed in 57ms
22 timing npm:load:configScope Completed in 1ms
23 timing npm:load:projectScope Completed in 4ms
24 timing npm:load Completed in 385ms
25 timing config:load:flatten Completed in 68ms
26 timing arborist:ctor Completed in 24ms
27 timing arborist:ctor Completed in 3ms
28 timing idealTree:init Completed in 386ms
29 timing idealTree:userRequests Completed in 4ms
30 silly idealTree buildDeps
31 timing idealTree:#root Completed in 2ms
32 timing idealTree:buildDeps Completed in 33ms
33 timing idealTree:fixDepFlags Completed in 1ms
34 timing idealTree Completed in 451ms
35 timing reify:loadTrees Completed in 470ms
36 timing reify:diffTrees Completed in 18ms
37 silly reify moves {}
38 timing reify:retireShallow Completed in 6ms
39 timing reify:createSparse Completed in 2ms
40 timing reify:loadBundles Completed in 0ms
41 silly audit report null
42 timing reify:audit Completed in 13ms
43 timing reify:unpack Completed in 3ms
44 timing reify:unretire Completed in 0ms
45 timing build:queue Completed in 0ms
46 timing build:deps Completed in 9ms
47 timing build Completed in 11ms
48 timing reify:build Completed in 17ms
49 timing reify:trash Completed in 1ms
50 timing reify:save Completed in 56ms
51 timing reify Completed in 941ms
52 timing command:install Completed in 1082ms
53 verbose stack Error: ENOENT: no such file or directory, open '/root/package.json'
54 verbose cwd /root
55 verbose Linux 4.20.69-ish
56 verbose argv "/usr/bin/node" "/usr/bin/npm" "install"
57 verbose node v14.21.3
58 verbose npm  v7.17.0
59 error code ENOENT
60 error syscall open
61 error path /root/package.json
62 error errno -2
63 error enoent ENOENT: no such file or directory, open '/root/package.json'
64 error enoent This is related to npm not being able to find a file.
65 verbose exit -2
